<?xml version="1.0" encoding="UTF-8"?>
<testsuites name="WebShopSuite" time="21.376" tests="5" failures="0" errors="0">
   <testsuite name="WebShopSuite" tests="5" failures="0" errors="0" time="21.376" skipped="0" timestamp="14-01-2025T15:14:52" hostname="Rachel - RachelGamingPC" id="Test Suites/WebShopSuite">
      <properties>
         <property name="deviceName" value=""/>
         <property name="devicePlatform"/>
         <property name="logFolder" value="C:\\Users\\Rachel\\git\\TestAutomationAvans\\Reports\\20250114_151358\\WebShopSuite\\20250114_151403"/>
         <property name="logFiles" value="C:\\Users\\Rachel\\git\\TestAutomationAvans\\Reports\\20250114_151358\\WebShopSuite\\20250114_151403\\execution0.log"/>
         <property name="attachments" value=""/>
         <property name="hostName" value="Rachel - RachelGamingPC"/>
         <property name="os" value="Windows 11 64bit"/>
         <property name="katalonVersion" value="10.0.1.223"/>
         <property name="browser" value="Edge Chromium 131"/>
         <property name="hostAddress" value="192.168.1.75"/>
         <property name="sessionId" value="5aac77e0b23e690917eb40e2d6f585a7"/>
         <property name="seleniumVersion" value="4.22.0"/>
         <property name="proxyInformation" value="ProxyInformation { proxyOption=NO_PROXY, proxyServerType=HTTP, username=, password=********, proxyServerAddress=, proxyServerPort=0, executionList=&quot;&quot;, isApplyToDesiredCapabilities=true }"/>
         <property name="platform" value="Windows 11"/>
      </properties>
      <testcase name="Test Cases/Login" time="4.929" classname="Test Cases/Login" status="PASSED">
         <system-out><![CDATA[14-01-2025T15:14:52 - [TEST_CASE][PASSED] - Test Cases/Login: Test Cases/Login

14-01-2025T15:14:52 - [TEST_STEP][PASSED] - Start listener action : enableSauceLabs: [SAUCELABS] Saucelabs Plugin will not attempt to auto update job status and information !

14-01-2025T15:14:52 - [MESSAGE][INFO] - [SAUCELABS] Current run configuration: Edge Chromium

14-01-2025T15:14:52 - [MESSAGE][INFO] - [SAUCELABS] Saucelabs Plugin will not attempt to auto update job status and information !

14-01-2025T15:14:52 - [TEST_STEP][PASSED] - openBrowser(""): Browser is opened with url: ''

14-01-2025T15:14:53 - [MESSAGE][INFO] - Starting 'Edge Chromium' driver

14-01-2025T15:14:53 - [MESSAGE][INFO] - Action delay is set to 0 milliseconds

14-01-2025T15:14:54 - [MESSAGE][PASSED] - Browser is opened with url: ''

14-01-2025T15:14:54 - [TEST_STEP][PASSED] - navigateToUrl("https://demowebshop.tricentis.com/"): Navigate to 'https://demowebshop.tricentis.com/' successfully

14-01-2025T15:14:55 - [MESSAGE][PASSED] - Navigate to 'https://demowebshop.tricentis.com/' successfully

14-01-2025T15:14:55 - [TEST_STEP][PASSED] - click(findTestObject("Object Repository/Page_Demo Web Shop/a_Log in")): Object: 'Object Repository/Page_Demo Web Shop/a_Log in' is clicked on

14-01-2025T15:14:55 - [MESSAGE][PASSED] - Object: 'Object Repository/Page_Demo Web Shop/a_Log in' is clicked on

14-01-2025T15:14:55 - [TEST_STEP][PASSED] - setText(findTestObject("Object Repository/Page_Demo Web Shop. Login/input_Email_Email"), "r.sarikaya@student.avans.nl"): Text 'r.sarikaya@student.avans.nl' is set on object 'Object Repository/Page_Demo Web Shop. Login/input_Email_Email'

14-01-2025T15:14:56 - [MESSAGE][PASSED] - Text 'r.sarikaya@student.avans.nl' is set on object 'Object Repository/Page_Demo Web Shop. Login/input_Email_Email'

14-01-2025T15:14:56 - [TEST_STEP][PASSED] - setEncryptedText(findTestObject("Object Repository/Page_Demo Web Shop. Login/input_Password_Password"), "rdcf2pvC1eAK0Pf1WCwicA=="): Text ****** has been set on object 'Object Repository/Page_Demo Web Shop. Login/input_Password_Password'

14-01-2025T15:14:56 - [MESSAGE][PASSED] - Text ****** has been set on object 'Object Repository/Page_Demo Web Shop. Login/input_Password_Password'

14-01-2025T15:14:56 - [TEST_STEP][PASSED] - click(findTestObject("Object Repository/Page_Demo Web Shop. Login/input_Forgot password_button-1 login-button")): Object: 'Object Repository/Page_Demo Web Shop. Login/input_Forgot password_button-1 login-button' is clicked on

14-01-2025T15:14:57 - [MESSAGE][PASSED] - Object: 'Object Repository/Page_Demo Web Shop. Login/input_Forgot password_button-1 login-button' is clicked on

14-01-2025T15:14:57 - [TEST_STEP][PASSED] - Start listener action : autoUpdateJobStatus: [SAUCELABS] Current run configuration: Edge Chromium

14-01-2025T15:14:57 - [MESSAGE][INFO] - [SAUCELABS] Current run configuration: Edge Chromium]]></system-out>
         <system-err><![CDATA[]]></system-err>
      </testcase>
      <testcase name="Test Cases/AddItems" time="3.8" classname="Test Cases/AddItems" status="PASSED">
         <system-out><![CDATA[14-01-2025T15:14:57 - [TEST_CASE][PASSED] - Test Cases/AddItems: Test Cases/AddItems

14-01-2025T15:14:57 - [TEST_STEP][PASSED] - Start listener action : enableSauceLabs: [SAUCELABS] Saucelabs Plugin will not attempt to auto update job status and information !

14-01-2025T15:14:57 - [MESSAGE][INFO] - [SAUCELABS] Current run configuration: Edge Chromium

14-01-2025T15:14:57 - [MESSAGE][INFO] - [SAUCELABS] Saucelabs Plugin will not attempt to auto update job status and information !

14-01-2025T15:14:57 - [TEST_STEP][PASSED] - setText(findTestObject("Object Repository/Page_Demo Web Shop/input_Sub-Total_q"), product): Text 'SmartPhone' is set on object 'Object Repository/Page_Demo Web Shop/input_Sub-Total_q'

14-01-2025T15:14:58 - [MESSAGE][PASSED] - Text 'SmartPhone' is set on object 'Object Repository/Page_Demo Web Shop/input_Sub-Total_q'

14-01-2025T15:14:58 - [TEST_STEP][PASSED] - click(findTestObject("Object Repository/Page_Demo Web Shop/input_Sub-Total_button-1 search-box-button")): Object: 'Object Repository/Page_Demo Web Shop/input_Sub-Total_button-1 search-box-button' is clicked on

14-01-2025T15:14:59 - [MESSAGE][PASSED] - Object: 'Object Repository/Page_Demo Web Shop/input_Sub-Total_button-1 search-box-button' is clicked on

14-01-2025T15:14:59 - [TEST_STEP][PASSED] - xpath = "//div[@class='product-item' and @data-productid='" + id + "']//a": null

14-01-2025T15:14:59 - [TEST_STEP][PASSED] - productLink = TestObject().addProperty("xpath", EQUALS, xpath): null

14-01-2025T15:14:59 - [TEST_STEP][PASSED] - click(productLink): Object: '' is clicked on

14-01-2025T15:15:00 - [MESSAGE][PASSED] - Object: '' is clicked on

14-01-2025T15:15:00 - [TEST_STEP][PASSED] - randomNumber = 2 + Math.random() * 10 - 2 + 1: null

14-01-2025T15:15:00 - [TEST_STEP][PASSED] - setText(findTestObject("Object Repository/Page_Demo Web Shop. " + product + "/input_Qty_addtocart_" + id + ".EnteredQuantity"), randomNumber.toString()): Text '2' is set on object 'Object Repository/Page_Demo Web Shop. SmartPhone/input_Qty_addtocart_43.EnteredQuantity'

14-01-2025T15:15:01 - [MESSAGE][PASSED] - Text '2' is set on object 'Object Repository/Page_Demo Web Shop. SmartPhone/input_Qty_addtocart_43.EnteredQuantity'

14-01-2025T15:15:01 - [TEST_STEP][PASSED] - click(findTestObject("Object Repository/Page_Demo Web Shop. " + product + "/input_Qty_add-to-cart-button-" + id)): Object: 'Object Repository/Page_Demo Web Shop. SmartPhone/input_Qty_add-to-cart-button-43' is clicked on

14-01-2025T15:15:01 - [MESSAGE][PASSED] - Object: 'Object Repository/Page_Demo Web Shop. SmartPhone/input_Qty_add-to-cart-button-43' is clicked on

14-01-2025T15:15:01 - [TEST_STEP][PASSED] - Start listener action : autoUpdateJobStatus: [SAUCELABS] Current run configuration: Edge Chromium

14-01-2025T15:15:01 - [MESSAGE][INFO] - [SAUCELABS] Current run configuration: Edge Chromium]]></system-out>
         <system-err><![CDATA[]]></system-err>
      </testcase>
      <testcase name="Test Cases/AddItems" time="3.964" classname="Test Cases/AddItems" status="PASSED">
         <system-out><![CDATA[14-01-2025T15:15:01 - [TEST_CASE][PASSED] - Test Cases/AddItems: Test Cases/AddItems

14-01-2025T15:15:01 - [TEST_STEP][PASSED] - Start listener action : enableSauceLabs: [SAUCELABS] Saucelabs Plugin will not attempt to auto update job status and information !

14-01-2025T15:15:01 - [MESSAGE][INFO] - [SAUCELABS] Current run configuration: Edge Chromium

14-01-2025T15:15:01 - [MESSAGE][INFO] - [SAUCELABS] Saucelabs Plugin will not attempt to auto update job status and information !

14-01-2025T15:15:01 - [TEST_STEP][PASSED] - setText(findTestObject("Object Repository/Page_Demo Web Shop/input_Sub-Total_q"), product): Text 'Blue Jeans' is set on object 'Object Repository/Page_Demo Web Shop/input_Sub-Total_q'

14-01-2025T15:15:02 - [MESSAGE][PASSED] - Text 'Blue Jeans' is set on object 'Object Repository/Page_Demo Web Shop/input_Sub-Total_q'

14-01-2025T15:15:02 - [TEST_STEP][PASSED] - click(findTestObject("Object Repository/Page_Demo Web Shop/input_Sub-Total_button-1 search-box-button")): Object: 'Object Repository/Page_Demo Web Shop/input_Sub-Total_button-1 search-box-button' is clicked on

14-01-2025T15:15:03 - [MESSAGE][PASSED] - Object: 'Object Repository/Page_Demo Web Shop/input_Sub-Total_button-1 search-box-button' is clicked on

14-01-2025T15:15:03 - [TEST_STEP][PASSED] - xpath = "//div[@class='product-item' and @data-productid='" + id + "']//a": null

14-01-2025T15:15:03 - [TEST_STEP][PASSED] - productLink = TestObject().addProperty("xpath", EQUALS, xpath): null

14-01-2025T15:15:03 - [TEST_STEP][PASSED] - click(productLink): Object: '' is clicked on

14-01-2025T15:15:04 - [MESSAGE][PASSED] - Object: '' is clicked on

14-01-2025T15:15:04 - [TEST_STEP][PASSED] - randomNumber = 2 + Math.random() * 10 - 2 + 1: null

14-01-2025T15:15:04 - [TEST_STEP][PASSED] - setText(findTestObject("Object Repository/Page_Demo Web Shop. " + product + "/input_Qty_addtocart_" + id + ".EnteredQuantity"), randomNumber.toString()): Text '2' is set on object 'Object Repository/Page_Demo Web Shop. Blue Jeans/input_Qty_addtocart_36.EnteredQuantity'

14-01-2025T15:15:05 - [MESSAGE][PASSED] - Text '2' is set on object 'Object Repository/Page_Demo Web Shop. Blue Jeans/input_Qty_addtocart_36.EnteredQuantity'

14-01-2025T15:15:05 - [TEST_STEP][PASSED] - click(findTestObject("Object Repository/Page_Demo Web Shop. " + product + "/input_Qty_add-to-cart-button-" + id)): Object: 'Object Repository/Page_Demo Web Shop. Blue Jeans/input_Qty_add-to-cart-button-36' is clicked on

14-01-2025T15:15:05 - [MESSAGE][PASSED] - Object: 'Object Repository/Page_Demo Web Shop. Blue Jeans/input_Qty_add-to-cart-button-36' is clicked on

14-01-2025T15:15:05 - [TEST_STEP][PASSED] - Start listener action : autoUpdateJobStatus: [SAUCELABS] Current run configuration: Edge Chromium

14-01-2025T15:15:05 - [MESSAGE][INFO] - [SAUCELABS] Current run configuration: Edge Chromium]]></system-out>
         <system-err><![CDATA[]]></system-err>
      </testcase>
      <testcase name="Test Cases/Order" time="5.541" classname="Test Cases/Order" status="PASSED">
         <system-out><![CDATA[14-01-2025T15:15:05 - [TEST_CASE][PASSED] - Test Cases/Order: Test Cases/Order

14-01-2025T15:15:05 - [TEST_STEP][PASSED] - Start listener action : enableSauceLabs: [SAUCELABS] Saucelabs Plugin will not attempt to auto update job status and information !

14-01-2025T15:15:05 - [MESSAGE][INFO] - [SAUCELABS] Current run configuration: Edge Chromium

14-01-2025T15:15:05 - [MESSAGE][INFO] - [SAUCELABS] Saucelabs Plugin will not attempt to auto update job status and information !

14-01-2025T15:15:05 - [TEST_STEP][PASSED] - click(findTestObject("Object Repository/Page_Demo Web Shop. Shopping Cart/span_Shopping cart")): Object: 'Object Repository/Page_Demo Web Shop. Shopping Cart/span_Shopping cart' is clicked on

14-01-2025T15:15:06 - [MESSAGE][PASSED] - Object: 'Object Repository/Page_Demo Web Shop. Shopping Cart/span_Shopping cart' is clicked on

14-01-2025T15:15:06 - [TEST_STEP][PASSED] - click(findTestObject("Object Repository/Page_Demo Web Shop. Shopping Cart/input_I agree with the terms of service and_f529a0")): Object: 'Object Repository/Page_Demo Web Shop. Shopping Cart/input_I agree with the terms of service and_f529a0' is clicked on

14-01-2025T15:15:06 - [MESSAGE][PASSED] - Object: 'Object Repository/Page_Demo Web Shop. Shopping Cart/input_I agree with the terms of service and_f529a0' is clicked on

14-01-2025T15:15:06 - [TEST_STEP][PASSED] - click(findTestObject("Object Repository/Page_Demo Web Shop. Shopping Cart/button_Checkout")): Object: 'Object Repository/Page_Demo Web Shop. Shopping Cart/button_Checkout' is clicked on

14-01-2025T15:15:07 - [MESSAGE][PASSED] - Object: 'Object Repository/Page_Demo Web Shop. Shopping Cart/button_Checkout' is clicked on

14-01-2025T15:15:07 - [TEST_STEP][PASSED] - click(findTestObject("Object Repository/Page_Demo Web Shop. Checkout/input_Fax number_button-1 new-address-next-_2f210c")): Object: 'Object Repository/Page_Demo Web Shop. Checkout/input_Fax number_button-1 new-address-next-_2f210c' is clicked on

14-01-2025T15:15:08 - [MESSAGE][PASSED] - Object: 'Object Repository/Page_Demo Web Shop. Checkout/input_Fax number_button-1 new-address-next-_2f210c' is clicked on

14-01-2025T15:15:08 - [TEST_STEP][PASSED] - click(findTestObject("Object Repository/Page_Demo Web Shop. Checkout/input_Fax number_PickUpInStore")): Object: 'Object Repository/Page_Demo Web Shop. Checkout/input_Fax number_PickUpInStore' is clicked on

14-01-2025T15:15:08 - [MESSAGE][PASSED] - Object: 'Object Repository/Page_Demo Web Shop. Checkout/input_Fax number_PickUpInStore' is clicked on

14-01-2025T15:15:08 - [TEST_STEP][PASSED] - click(findTestObject("Object Repository/Page_Demo Web Shop. Checkout/input__button-1 new-address-next-step-button")): Object: 'Object Repository/Page_Demo Web Shop. Checkout/input__button-1 new-address-next-step-button' is clicked on

14-01-2025T15:15:09 - [MESSAGE][PASSED] - Object: 'Object Repository/Page_Demo Web Shop. Checkout/input__button-1 new-address-next-step-button' is clicked on

14-01-2025T15:15:09 - [TEST_STEP][PASSED] - click(findTestObject("Object Repository/Page_Demo Web Shop. Checkout/input__button-1 payment-method-next-step-button")): Object: 'Object Repository/Page_Demo Web Shop. Checkout/input__button-1 payment-method-next-step-button' is clicked on

14-01-2025T15:15:09 - [MESSAGE][PASSED] - Object: 'Object Repository/Page_Demo Web Shop. Checkout/input__button-1 payment-method-next-step-button' is clicked on

14-01-2025T15:15:09 - [TEST_STEP][PASSED] - click(findTestObject("Object Repository/Page_Demo Web Shop. Checkout/input__button-1 payment-info-next-step-button")): Object: 'Object Repository/Page_Demo Web Shop. Checkout/input__button-1 payment-info-next-step-button' is clicked on

14-01-2025T15:15:10 - [MESSAGE][PASSED] - Object: 'Object Repository/Page_Demo Web Shop. Checkout/input__button-1 payment-info-next-step-button' is clicked on

14-01-2025T15:15:10 - [TEST_STEP][PASSED] - click(findTestObject("Object Repository/Page_Demo Web Shop. Checkout/input__button-1 confirm-order-next-step-button")): Object: 'Object Repository/Page_Demo Web Shop. Checkout/input__button-1 confirm-order-next-step-button' is clicked on

14-01-2025T15:15:10 - [MESSAGE][PASSED] - Object: 'Object Repository/Page_Demo Web Shop. Checkout/input__button-1 confirm-order-next-step-button' is clicked on

14-01-2025T15:15:10 - [TEST_STEP][PASSED] - Start listener action : autoUpdateJobStatus: [SAUCELABS] Current run configuration: Edge Chromium

14-01-2025T15:15:10 - [MESSAGE][INFO] - [SAUCELABS] Current run configuration: Edge Chromium]]></system-out>
         <system-err><![CDATA[]]></system-err>
      </testcase>
      <testcase name="Test Cases/Logout" time="2.885" classname="Test Cases/Logout" status="PASSED">
         <system-out><![CDATA[14-01-2025T15:15:10 - [TEST_CASE][PASSED] - Test Cases/Logout: Test Cases/Logout

14-01-2025T15:15:10 - [TEST_STEP][PASSED] - Start listener action : enableSauceLabs: [SAUCELABS] Saucelabs Plugin will not attempt to auto update job status and information !

14-01-2025T15:15:10 - [MESSAGE][INFO] - [SAUCELABS] Current run configuration: Edge Chromium

14-01-2025T15:15:10 - [MESSAGE][INFO] - [SAUCELABS] Saucelabs Plugin will not attempt to auto update job status and information !

14-01-2025T15:15:10 - [TEST_STEP][PASSED] - click(findTestObject("Object Repository/Page_Demo Web Shop/a_Log out")): Object: 'Object Repository/Page_Demo Web Shop/a_Log out' is clicked on

14-01-2025T15:15:12 - [MESSAGE][PASSED] - Object: 'Object Repository/Page_Demo Web Shop/a_Log out' is clicked on

14-01-2025T15:15:12 - [TEST_STEP][PASSED] - closeBrowser(): Browser is closed

14-01-2025T15:15:13 - [MESSAGE][PASSED] - Browser is closed

14-01-2025T15:15:13 - [TEST_STEP][PASSED] - Start listener action : autoUpdateJobStatus: [SAUCELABS] Current run configuration: Edge Chromium

14-01-2025T15:15:13 - [MESSAGE][INFO] - [SAUCELABS] Current run configuration: Edge Chromium]]></system-out>
         <system-err><![CDATA[]]></system-err>
      </testcase>
      <system-out><![CDATA[14-01-2025T15:14:52 - [TEST_SUITE][PASSED] - WebShopSuite: Test Cases/Logout]]></system-out>
      <system-err><![CDATA[]]></system-err>
   </testsuite>
</testsuites>
